<?xml version="1.0" encoding="UTF-8"?>
<!-- Generated by org.testng.reporters.JUnitReportReporter -->
<testsuite skipped="0" hostname="DESKTOP-6MBVANO" name="poly.Test.TestUser" tests="4" failures="0" timestamp="2020-06-22T22:48:25 ICT" time="9.129" errors="0">
  <testcase name="veryfyHomePageTitle" time="0.030" classname="poly.Test.TestUser"/>
  <system-out/>
  <testcase name="LoginTest" time="3.793" classname="poly.Test.TestUser"/>
  <system-out/>
  <testcase name="TestAddUser" time="2.509" classname="poly.Test.TestUser"/>
  <system-out/>
  <testcase name="TestUpdateUser" time="2.797" classname="poly.Test.TestUser"/>
  <system-out/>
</testsuite> <!-- poly.Test.TestUser -->
