<?xml version="1.0" encoding="UTF-8"?>
<!-- Generated by org.testng.reporters.JUnitReportReporter -->
<testsuite skipped="0" hostname="DESKTOP-6MBVANO" name="poly.Test.TestDepart" tests="7" failures="0" timestamp="2020-06-29T01:45:46 ICT" time="18.956" errors="0">
  <testcase name="veryfyHomePageTitle" time="0.250" classname="poly.Test.TestDepart"/>
  <system-out/>
  <testcase name="LoginTest" time="3.639" classname="poly.Test.TestDepart"/>
  <system-out/>
  <testcase name="TestAdddepart1" time="3.026" classname="poly.Test.TestDepart"/>
  <system-out/>
  <testcase name="TestAdddepart2" time="2.665" classname="poly.Test.TestDepart"/>
  <system-out/>
  <testcase name="TestUpdate1" time="4.147" classname="poly.Test.TestDepart"/>
  <system-out/>
  <testcase name="TestUpdate2" time="3.974" classname="poly.Test.TestDepart"/>
  <system-out/>
  <testcase name="Deleteadmin" time="1.255" classname="poly.Test.TestDepart"/>
  <system-out/>
</testsuite> <!-- poly.Test.TestDepart -->
