<?xml version="1.0" encoding="UTF-8"?>
<!-- Generated by org.testng.reporters.JUnitReportReporter -->
<testsuite skipped="0" hostname="DESKTOP-6MBVANO" name="poly.Test.TestLoginl_Logout" tests="3" failures="0" timestamp="2020-06-20T13:39:36 ICT" time="6.912" errors="0">
  <testcase name="veryfyHomePageTitle" time="1.026" classname="poly.Test.TestLoginl_Logout"/>
  <system-out/>
  <testcase name="LoginTest" time="3.723" classname="poly.Test.TestLoginl_Logout"/>
  <system-out/>
  <testcase name="LogoutTest" time="2.163" classname="poly.Test.TestLoginl_Logout"/>
  <system-out/>
</testsuite> <!-- poly.Test.TestLoginl_Logout -->
