<?xml version="1.0" encoding="UTF-8"?>
<!-- Generated by org.testng.reporters.JUnitReportReporter -->
<testsuite skipped="0" hostname="DESKTOP-6MBVANO" name="poly.Test.TestLogin" tests="3" failures="0" timestamp="2020-06-16T17:17:52 ICT" time="1.517" errors="0">
  <testcase name="veryfyHomePageTitle" time="0.028" classname="poly.Test.TestLogin"/>
  <system-out/>
  <testcase name="LoginTest" time="1.213" classname="poly.Test.TestLogin"/>
  <system-out/>
  <testcase name="LogoutTest" time="0.276" classname="poly.Test.TestLogin"/>
  <system-out/>
</testsuite> <!-- poly.Test.TestLogin -->
