<?xml version="1.0" encoding="UTF-8"?>
<!-- Generated by org.testng.reporters.JUnitReportReporter -->
<testsuite skipped="0" hostname="DESKTOP-6MBVANO" name="poly.Test.TestStaff" tests="10" failures="0" timestamp="2020-06-29T01:50:56 ICT" time="39.195" errors="0">
  <testcase name="veryfyHomePageTitle" time="0.304" classname="poly.Test.TestStaff"/>
  <system-out/>
  <testcase name="LoginTest" time="3.426" classname="poly.Test.TestStaff"/>
  <system-out/>
  <testcase name="TestAddNewStafffail" time="8.125" classname="poly.Test.TestStaff"/>
  <system-out/>
  <testcase name="TestAddNewStafffail1" time="5.938" classname="poly.Test.TestStaff"/>
  <system-out/>
  <testcase name="TestAddNewStafffail2" time="4.373" classname="poly.Test.TestStaff"/>
  <system-out/>
  <testcase name="TestAddNewStaff" time="4.289" classname="poly.Test.TestStaff"/>
  <system-out/>
  <testcase name="TestStaffUdateEmail" time="3.976" classname="poly.Test.TestStaff"/>
  <system-out/>
  <testcase name="TestStaffUdateName" time="3.017" classname="poly.Test.TestStaff"/>
  <system-out/>
  <testcase name="TestStaffUdatePhone" time="2.945" classname="poly.Test.TestStaff"/>
  <system-out/>
  <testcase name="DeleteUsers" time="2.802" classname="poly.Test.TestStaff"/>
  <system-out/>
</testsuite> <!-- poly.Test.TestStaff -->
